Load dataset: 0.29 s
Cluster the features with Kmeans
0 / 8	Time cost: 46.006 s
(1000, 2048)
k-means loss evolution: [753.64483643 408.89364624 319.38113403 294.81942749 285.85171509
 282.0925293  278.10665894 277.29989624 277.29989624 277.29989624
 277.29989624 277.29989624 277.29989624 277.29989624 277.29989624
 277.29989624 277.29989624 277.29989624 277.29989624 277.29989624]
k-means time: 2 s
Assign pseudo labels
Save checkpoint at: ../train_res/checkpoints/checkpoint_0.0.pth.tar
Epoch: [0][0/8]	Time: 4.759 (4.759)	Loss: 3.1465 (3.1465)
silhouette_avg: 0.365
ch_score: 116.288

###### Epoch [0] ###### 
Time: 366.474 s
Clustering loss: 277.300 
ConvNet loss: 3.875

####################### 

0 / 8	Time cost: 40.784 s
(1000, 2048)
k-means loss evolution: [803.56658936 393.51296997 334.98019409 320.99301147 312.32922363
 306.52462769 298.26745605 269.64971924 241.69340515 241.56111145
 241.56111145 241.56111145 241.56111145 241.56111145 241.56111145
 241.56111145 241.56111145 241.56111145 241.56111145 241.56111145]
k-means time: 0 s
Assign pseudo labels
Epoch: [1][0/8]	Time: 0.284 (0.284)	Loss: 2.7235 (2.7235)
silhouette_avg: 0.353
ch_score: 172.431

###### Epoch [1] ###### 
Time: 300.373 s
Clustering loss: 241.561 
ConvNet loss: 1.079

NMI against previous assignment: 0.898
####################### 

0 / 8	Time cost: 40.720 s
(1000, 2048)
k-means loss evolution: [737.80383301 384.98553467 302.06933594 295.19137573 291.21282959
 279.36856079 274.80874634 273.73861694 273.73861694 273.73861694
 273.73861694 273.73861694 273.73861694 273.73861694 273.73861694
 273.73861694 273.73861694 273.73861694 273.73861694 273.73861694]
k-means time: 0 s
Assign pseudo labels
Epoch: [2][0/8]	Time: 0.282 (0.282)	Loss: 2.9138 (2.9138)
silhouette_avg: 0.340
ch_score: 166.131

###### Epoch [2] ###### 
Time: 302.333 s
Clustering loss: 273.739 
ConvNet loss: 1.647

NMI against previous assignment: 0.906
####################### 

0 / 8	Time cost: 40.401 s
(1000, 2048)
k-means loss evolution: [740.6307373  376.81616211 303.86538696 294.78009033 279.16592407
 275.43295288 273.51669312 266.29580688 263.88934326 263.66445923
 263.29470825 262.68045044 252.25505066 235.09185791 232.51091003
 228.74420166 225.74530029 223.27467346 222.81687927 222.81687927]
k-means time: 1 s
Assign pseudo labels
Epoch: [3][0/8]	Time: 0.281 (0.281)	Loss: 3.1607 (3.1607)
silhouette_avg: 0.351
ch_score: 225.815

###### Epoch [3] ###### 
Time: 304.926 s
Clustering loss: 222.817 
ConvNet loss: 0.932

NMI against previous assignment: 0.945
####################### 

0 / 8	Time cost: 38.276 s
(1000, 2048)
k-means loss evolution: [733.09155273 338.27398682 269.50643921 264.81411743 261.36682129
 260.14782715 253.01582336 231.93132019 229.1865387  225.89562988
 222.44073486 219.6725769  219.41195679 219.41195679 219.41195679
 219.41195679 219.41195679 219.41195679 219.41195679 219.41195679]
k-means time: 1 s
Assign pseudo labels
Epoch: [4][0/8]	Time: 0.284 (0.284)	Loss: 2.7769 (2.7769)
silhouette_avg: 0.380
ch_score: 243.455

###### Epoch [4] ###### 
Time: 307.031 s
Clustering loss: 219.412 
ConvNet loss: 0.842

NMI against previous assignment: 0.941
####################### 

0 / 8	Time cost: 39.954 s
(1000, 2048)
k-means loss evolution: [741.61309814 362.75137329 252.11860657 230.41444397 210.23860168
 201.43777466 196.67007446 191.97964478 190.9715271  190.92752075
 190.92752075 190.92752075 190.92752075 190.92752075 190.92752075
 190.92752075 190.92752075 190.92752075 190.92752075 190.92752075]
k-means time: 1 s
Assign pseudo labels
Epoch: [5][0/8]	Time: 0.280 (0.280)	Loss: 3.0460 (3.0460)
silhouette_avg: 0.543
ch_score: 330.095

###### Epoch [5] ###### 
Time: 296.446 s
Clustering loss: 190.928 
ConvNet loss: 1.255

NMI against previous assignment: 0.904
####################### 

0 / 8	Time cost: 38.894 s
(1000, 2048)
k-means loss evolution: [688.38641357 322.88693237 267.62161255 239.27963257 235.65538025
 212.37385559 206.61422729 205.94941711 205.91986084 205.91986084
 205.91986084 205.91986084 205.91986084 205.91986084 205.91986084
 205.91986084 205.91986084 205.91986084 205.91986084 205.91986084]
k-means time: 1 s
Assign pseudo labels
Epoch: [6][0/8]	Time: 0.279 (0.279)	Loss: 3.0834 (3.0834)
silhouette_avg: 0.483
ch_score: 215.231

###### Epoch [6] ###### 
Time: 306.011 s
Clustering loss: 205.920 
ConvNet loss: 0.865

NMI against previous assignment: 0.933
####################### 

0 / 8	Time cost: 38.666 s
(1000, 2048)
k-means loss evolution: [713.25213623 355.81460571 287.91973877 273.18597412 266.79275513
 245.46565247 240.05976868 239.58314514 239.46492004 239.46492004
 239.46492004 239.46492004 239.46492004 239.46492004 239.46492004
 239.46492004 239.46492004 239.46492004 239.46492004 239.46492004]
k-means time: 1 s
Assign pseudo labels
Epoch: [7][0/8]	Time: 0.280 (0.280)	Loss: 2.9702 (2.9702)
silhouette_avg: 0.470
ch_score: 197.993

###### Epoch [7] ###### 
Time: 297.508 s
Clustering loss: 239.465 
ConvNet loss: 0.959

NMI against previous assignment: 0.963
####################### 

0 / 8	Time cost: 37.699 s
(1000, 2048)
k-means loss evolution: [731.26477051 326.82958984 281.55432129 268.93548584 261.94299316
 240.18374634 235.16819763 234.73861694 234.55444336 234.47624207
 234.47624207 234.47624207 234.47624207 234.47624207 234.47624207
 234.47624207 234.47624207 234.47624207 234.47624207 234.47624207]
k-means time: 1 s
Assign pseudo labels
Epoch: [8][0/8]	Time: 0.277 (0.277)	Loss: 2.6938 (2.6938)
silhouette_avg: 0.493
ch_score: 256.995

###### Epoch [8] ###### 
Time: 302.726 s
Clustering loss: 234.476 
ConvNet loss: 0.871

NMI against previous assignment: 0.946
####################### 

0 / 8	Time cost: 39.682 s
(1000, 2048)
k-means loss evolution: [746.49334717 377.25259399 324.11917114 307.99740601 292.69876099
 273.06063843 267.66629028 266.1913147  265.42410278 265.12188721
 264.82296753 264.69918823 263.37774658 252.02700806 250.8065033
 250.08114624 245.33700562 238.69206238 236.48320007 235.85673523]
k-means time: 0 s
Assign pseudo labels
Epoch: [9][0/8]	Time: 0.279 (0.279)	Loss: 3.0159 (3.0159)
silhouette_avg: 0.484
ch_score: 249.204

###### Epoch [9] ###### 
Time: 301.231 s
Clustering loss: 235.857 
ConvNet loss: 0.755

NMI against previous assignment: 0.963
####################### 

0 / 8	Time cost: 38.595 s
(1000, 2048)
k-means loss evolution: [750.25830078 376.87200928 292.07711792 270.91296387 257.35641479
 235.99861145 229.67062378 228.40170288 227.64828491 227.27320862
 225.82342529 214.93650818 213.89190674 213.31098938 208.95265198
 202.1570282  199.39002991 198.71182251 198.54768372 198.36650085]
k-means time: 1 s
Assign pseudo labels
Epoch: [10][0/8]	Time: 0.279 (0.279)	Loss: 2.9118 (2.9118)
silhouette_avg: 0.522
ch_score: 317.710

###### Epoch [10] ###### 
Time: 303.593 s
Clustering loss: 198.367 
ConvNet loss: 0.705

NMI against previous assignment: 0.968
####################### 

0 / 8	Time cost: 39.979 s
(1000, 2048)
k-means loss evolution: [748.44433594 400.58969116 308.14956665 291.85375977 289.40267944
 289.29040527 289.21044922 289.14422607 289.08895874 289.05010986
 289.05010986 289.05010986 289.05010986 289.05010986 289.05010986
 289.05010986 289.05010986 289.05010986 289.05010986 289.05010986]
k-means time: 1 s
Assign pseudo labels
Epoch: [11][0/8]	Time: 0.280 (0.280)	Loss: 3.5464 (3.5464)
silhouette_avg: 0.427
ch_score: 176.320

###### Epoch [11] ###### 
Time: 307.730 s
Clustering loss: 289.050 
ConvNet loss: 1.030

NMI against previous assignment: 0.932
####################### 

0 / 8	Time cost: 38.807 s
(1000, 2048)
k-means loss evolution: [749.49102783 373.67474365 266.30175781 253.46742249 249.63865662
 249.3483429  249.31726074 249.31726074 249.31726074 249.31726074
 249.31726074 249.31726074 249.31726074 249.31726074 249.31726074
 249.31726074 249.31726074 249.31726074 249.31726074 249.31726074]
k-means time: 1 s
Assign pseudo labels
Epoch: [12][0/8]	Time: 0.279 (0.279)	Loss: 3.1203 (3.1203)
silhouette_avg: 0.482
ch_score: 270.500

###### Epoch [12] ###### 
Time: 307.908 s
Clustering loss: 249.317 
ConvNet loss: 0.697

NMI against previous assignment: 0.962
####################### 

0 / 8	Time cost: 40.560 s
(1000, 2048)
k-means loss evolution: [748.12872314 376.27767944 265.61959839 251.91297913 249.45924377
 249.18711853 249.03341675 249.02539062 249.02539062 249.02539062
 249.02539062 249.02539062 249.02539062 249.02539062 249.02539062
 249.02539062 249.02539062 249.02539062 249.02539062 249.02539062]
k-means time: 1 s
Assign pseudo labels
Epoch: [13][0/8]	Time: 0.278 (0.278)	Loss: 2.9905 (2.9905)
silhouette_avg: 0.480
ch_score: 272.479

###### Epoch [13] ###### 
Time: 306.893 s
Clustering loss: 249.025 
ConvNet loss: 0.714

NMI against previous assignment: 0.990
####################### 

0 / 8	Time cost: 39.585 s
(1000, 2048)
k-means loss evolution: [746.76782227 370.07873535 266.15686035 253.50239563 251.16067505
 249.16931152 249.10191345 249.0511322  249.03330994 249.02581787
 249.02581787 249.02581787 249.02581787 249.02581787 249.02581787
 249.02581787 249.02581787 249.02581787 249.02581787 249.02581787]
k-means time: 1 s
Assign pseudo labels
Epoch: [14][0/8]	Time: 0.279 (0.279)	Loss: 3.1812 (3.1812)
silhouette_avg: 0.479
ch_score: 273.178

###### Epoch [14] ###### 
Time: 300.703 s
Clustering loss: 249.026 
ConvNet loss: 0.737

NMI against previous assignment: 0.989
####################### 

0 / 8	Time cost: 38.012 s
(1000, 2048)
k-means loss evolution: [746.00054932 367.8598938  263.33059692 249.20916748 247.98374939
 247.76197815 247.69116211 247.63813782 247.63813782 247.63813782
 247.63813782 247.63813782 247.63813782 247.63813782 247.63813782
 247.63813782 247.63813782 247.63813782 247.63813782 247.63813782]
k-means time: 1 s
Assign pseudo labels
Epoch: [15][0/8]	Time: 0.280 (0.280)	Loss: 2.9611 (2.9611)
silhouette_avg: 0.481
ch_score: 279.883

###### Epoch [15] ###### 
Time: 297.266 s
Clustering loss: 247.638 
ConvNet loss: 0.833

NMI against previous assignment: 0.982
####################### 

0 / 8	Time cost: 38.392 s
(1000, 2048)
k-means loss evolution: [745.70965576 371.45376587 264.57748413 248.86917114 247.33868408
 247.03475952 246.97250366 246.92666626 246.91996765 246.91996765
 246.91996765 246.91996765 246.91996765 246.91996765 246.91996765
 246.91996765 246.91996765 246.91996765 246.91996765 246.91996765]
k-means time: 1 s
Assign pseudo labels
Epoch: [16][0/8]	Time: 0.279 (0.279)	Loss: 3.4708 (3.4708)
silhouette_avg: 0.483
ch_score: 281.023

###### Epoch [16] ###### 
Time: 301.009 s
Clustering loss: 246.920 
ConvNet loss: 0.855

NMI against previous assignment: 1.000
####################### 

0 / 8	Time cost: 38.216 s
(1000, 2048)
k-means loss evolution: [745.63934326 373.1736145  304.81851196 288.82089233 287.49264526
 287.26660156 287.24176025 287.23040771 287.20935059 287.20935059
 287.20935059 287.20935059 287.20935059 287.20935059 287.20935059
 287.20935059 287.20935059 287.20935059 287.20935059 287.20935059]
k-means time: 1 s
Assign pseudo labels
Epoch: [17][0/8]	Time: 0.278 (0.278)	Loss: 3.0459 (3.0459)
silhouette_avg: 0.426
ch_score: 180.758

###### Epoch [17] ###### 
Time: 303.294 s
Clustering loss: 287.209 
ConvNet loss: 0.772

NMI against previous assignment: 0.974
####################### 

0 / 8	Time cost: 38.823 s
(1000, 2048)
k-means loss evolution: [744.38635254 375.55917358 280.44070435 248.13407898 245.85491943
 245.64588928 245.58947754 245.58947754 245.58947754 245.58947754
 245.58947754 245.58947754 245.58947754 245.58947754 245.58947754
 245.58947754 245.58947754 245.58947754 245.58947754 245.58947754]
k-means time: 1 s
Assign pseudo labels
Epoch: [18][0/8]	Time: 0.281 (0.281)	Loss: 3.1779 (3.1779)
silhouette_avg: 0.474
ch_score: 278.562

###### Epoch [18] ###### 
Time: 296.989 s
Clustering loss: 245.589 
ConvNet loss: 0.705

NMI against previous assignment: 0.968
####################### 

0 / 8	Time cost: 40.266 s
(1000, 2048)
k-means loss evolution: [743.22210693 365.58444214 260.58956909 246.75753784 245.43835449
 245.18377686 245.18377686 245.18377686 245.18377686 245.18377686
 245.18377686 245.18377686 245.18377686 245.18377686 245.18377686
 245.18377686 245.18377686 245.18377686 245.18377686 245.18377686]
k-means time: 1 s
Assign pseudo labels
Epoch: [19][0/8]	Time: 0.275 (0.275)	Loss: 3.2536 (3.2536)
silhouette_avg: 0.475
ch_score: 278.650

###### Epoch [19] ###### 
Time: 298.549 s
Clustering loss: 245.184 
ConvNet loss: 0.791

NMI against previous assignment: 0.998
####################### 

0 / 8	Time cost: 39.989 s
(1000, 2048)
k-means loss evolution: [743.1605835  374.63595581 261.3170166  247.05628967 245.1650238
 244.85447693 244.82661438 244.82661438 244.82661438 244.82661438
 244.82661438 244.82661438 244.82661438 244.82661438 244.82661438
 244.82661438 244.82661438 244.82661438 244.82661438 244.82661438]
k-means time: 1 s
Assign pseudo labels
Epoch: [20][0/8]	Time: 0.281 (0.281)	Loss: 3.0890 (3.0890)
silhouette_avg: 0.477
ch_score: 279.365

###### Epoch [20] ###### 
Time: 301.958 s
Clustering loss: 244.827 
ConvNet loss: 0.770

NMI against previous assignment: 1.000
####################### 

0 / 8	Time cost: 39.220 s
(1000, 2048)
k-means loss evolution: [744.37695312 371.2227478  260.05599976 246.52674866 244.93963623
 244.68537903 244.68537903 244.68537903 244.68537903 244.68537903
 244.68537903 244.68537903 244.68537903 244.68537903 244.68537903
 244.68537903 244.68537903 244.68537903 244.68537903 244.68537903]
k-means time: 1 s
Assign pseudo labels
Epoch: [21][0/8]	Time: 0.277 (0.277)	Loss: 3.1215 (3.1215)
silhouette_avg: 0.478
ch_score: 279.981

###### Epoch [21] ###### 
Time: 298.408 s
Clustering loss: 244.685 
ConvNet loss: 0.627

NMI against previous assignment: 0.998
####################### 

0 / 8	Time cost: 40.491 s
(1000, 2048)
k-means loss evolution: [745.56213379 370.22424316 261.48083496 246.63265991 244.87512207
 244.50708008 244.44035339 244.41784668 244.40660095 244.37832642
 244.36051941 244.35317993 244.35317993 244.35317993 244.35317993
 244.35317993 244.35317993 244.35317993 244.35317993 244.35317993]
k-means time: 1 s
Assign pseudo labels
Epoch: [22][0/8]	Time: 0.279 (0.279)	Loss: 3.2183 (3.2183)
silhouette_avg: 0.493
ch_score: 282.030

###### Epoch [22] ###### 
Time: 303.716 s
Clustering loss: 244.353 
ConvNet loss: 0.637

NMI against previous assignment: 0.991
####################### 

0 / 8	Time cost: 38.643 s
(1000, 2048)
k-means loss evolution: [745.36578369 370.78533936 302.35583496 287.70562744 286.14413452
 285.84634399 285.77182007 285.76443481 285.76443481 285.76443481
 285.76443481 285.76443481 285.76443481 285.76443481 285.76443481
 285.76443481 285.76443481 285.76443481 285.76443481 285.76443481]
k-means time: 1 s
Assign pseudo labels
Epoch: [23][0/8]	Time: 0.279 (0.279)	Loss: 3.2099 (3.2099)
silhouette_avg: 0.436
ch_score: 179.257

###### Epoch [23] ###### 
Time: 298.998 s
Clustering loss: 285.764 
ConvNet loss: 0.881

NMI against previous assignment: 0.975
####################### 

0 / 8	Time cost: 39.659 s
(1000, 2048)
k-means loss evolution: [744.45404053 359.98049927 259.36114502 246.28334045 244.74821472
 244.38165283 244.32910156 244.32910156 244.32910156 244.32910156
 244.32910156 244.32910156 244.32910156 244.32910156 244.32910156
 244.32910156 244.32910156 244.32910156 244.32910156 244.32910156]
k-means time: 1 s
Assign pseudo labels
Epoch: [24][0/8]	Time: 0.280 (0.280)	Loss: 3.0312 (3.0312)
silhouette_avg: 0.481
ch_score: 282.512

###### Epoch [24] ###### 
Time: 303.365 s
Clustering loss: 244.329 
ConvNet loss: 0.704

NMI against previous assignment: 0.969
####################### 

0 / 8	Time cost: 37.625 s
(1000, 2048)
k-means loss evolution: [743.85357666 354.81723022 259.31994629 245.71549988 244.29319763
 243.91485596 243.8618927  243.8618927  243.8618927  243.8618927
 243.8618927  243.8618927  243.8618927  243.8618927  243.8618927
 243.8618927  243.8618927  243.8618927  243.8618927  243.8618927 ]
k-means time: 1 s
Assign pseudo labels
Epoch: [25][0/8]	Time: 0.282 (0.282)	Loss: 3.5360 (3.5360)
silhouette_avg: 0.483
ch_score: 282.824

###### Epoch [25] ###### 
Time: 292.864 s
Clustering loss: 243.862 
ConvNet loss: 0.873

NMI against previous assignment: 1.000
####################### 

0 / 8	Time cost: 39.143 s
(1000, 2048)
k-means loss evolution: [743.63189697 358.14935303 259.63592529 245.5423584  243.81272888
 243.43174744 243.37875366 243.37875366 243.37875366 243.37875366
 243.37875366 243.37875366 243.37875366 243.37875366 243.37875366
 243.37875366 243.37875366 243.37875366 243.37875366 243.37875366]
k-means time: 1 s
Assign pseudo labels
Epoch: [26][0/8]	Time: 0.281 (0.281)	Loss: 3.3178 (3.3178)
silhouette_avg: 0.485
ch_score: 283.423

###### Epoch [26] ###### 
Time: 302.127 s
Clustering loss: 243.379 
ConvNet loss: 0.796

NMI against previous assignment: 1.000
####################### 

0 / 8	Time cost: 41.034 s
(1000, 2048)
k-means loss evolution: [744.28320312 353.76974487 258.56488037 245.06242371 243.6084137
 243.23617554 243.18315125 243.18315125 243.18315125 243.18315125
 243.18315125 243.18315125 243.18315125 243.18315125 243.18315125
 243.18315125 243.18315125 243.18315125 243.18315125 243.18315125]
k-means time: 1 s
Assign pseudo labels
Epoch: [27][0/8]	Time: 0.282 (0.282)	Loss: 3.0116 (3.0116)
silhouette_avg: 0.485
ch_score: 283.499

###### Epoch [27] ###### 
Time: 306.075 s
Clustering loss: 243.183 
ConvNet loss: 0.732

NMI against previous assignment: 1.000
####################### 

0 / 8	Time cost: 38.474 s
(1000, 2048)
k-means loss evolution: [744.35241699 354.82305908 258.49169922 244.72401428 243.03921509
 242.6391449  242.53633118 242.51193237 242.51193237 242.51193237
 242.51193237 242.51193237 242.51193237 242.51193237 242.51193237
 242.51193237 242.51193237 242.51193237 242.51193237 242.51193237]
k-means time: 1 s
Assign pseudo labels
Epoch: [28][0/8]	Time: 0.285 (0.285)	Loss: 3.1100 (3.1100)
silhouette_avg: 0.500
ch_score: 285.651

###### Epoch [28] ###### 
Time: 298.412 s
Clustering loss: 242.512 
ConvNet loss: 0.673

NMI against previous assignment: 0.992
####################### 

0 / 8	Time cost: 38.335 s
(1000, 2048)
k-means loss evolution: [743.82995605 359.31643677 258.96005249 244.31404114 242.64282227
 242.24534607 242.12034607 242.1131134  242.1131134  242.1131134
 242.1131134  242.1131134  242.1131134  242.1131134  242.1131134
 242.1131134  242.1131134  242.1131134  242.1131134  242.1131134 ]
k-means time: 1 s
Assign pseudo labels
Epoch: [29][0/8]	Time: 0.278 (0.278)	Loss: 3.2256 (3.2256)
silhouette_avg: 0.501
ch_score: 287.004

###### Epoch [29] ###### 
Time: 299.600 s
Clustering loss: 242.113 
ConvNet loss: 0.668

NMI against previous assignment: 0.999
####################### 

0 / 8	Time cost: 40.911 s
(1000, 2048)
k-means loss evolution: [743.36376953 356.31344604 258.83880615 244.17318726 242.49102783
 242.05662537 241.96388245 241.95677185 241.95677185 241.95677185
 241.95677185 241.95677185 241.95677185 241.95677185 241.95677185
 241.95677185 241.95677185 241.95677185 241.95677185 241.95677185]
k-means time: 0 s
Assign pseudo labels
Epoch: [30][0/8]	Time: 0.279 (0.279)	Loss: 3.2345 (3.2345)
silhouette_avg: 0.502
ch_score: 287.896

###### Epoch [30] ###### 
Time: 303.158 s
Clustering loss: 241.957 
ConvNet loss: 0.673

NMI against previous assignment: 1.000
####################### 

0 / 8	Time cost: 39.617 s
(1000, 2048)
k-means loss evolution: [743.50335693 353.0954895  259.18652344 244.4553833  242.62086487
 242.21717834 242.11195374 242.07347107 242.06645203 242.06645203
 242.06645203 242.06645203 242.06645203 242.06645203 242.06645203
 242.06645203 242.06645203 242.06645203 242.06645203 242.06645203]
k-means time: 1 s
Assign pseudo labels
Epoch: [31][0/8]	Time: 0.284 (0.284)	Loss: 3.0632 (3.0632)
silhouette_avg: 0.501
ch_score: 287.745

###### Epoch [31] ###### 
Time: 305.641 s
Clustering loss: 242.066 
ConvNet loss: 0.609

NMI against previous assignment: 0.999
####################### 

0 / 8	Time cost: 40.745 s
(1000, 2048)
k-means loss evolution: [743.28314209 352.71392822 259.07177734 244.32415771 242.47874451
 242.06333923 241.9566803  241.91712952 241.91012573 241.91012573
 241.91012573 241.91012573 241.91012573 241.91012573 241.91012573
 241.91012573 241.91012573 241.91012573 241.91012573 241.91012573]
k-means time: 1 s
Assign pseudo labels
Epoch: [32][0/8]	Time: 0.273 (0.273)	Loss: 2.7814 (2.7814)
silhouette_avg: 0.502
ch_score: 288.544

###### Epoch [32] ###### 
Time: 306.725 s
Clustering loss: 241.910 
ConvNet loss: 0.640

NMI against previous assignment: 0.997
####################### 

0 / 8	Time cost: 38.802 s
(1000, 2048)
k-means loss evolution: [743.01965332 352.93560791 258.96395874 244.17573547 242.31181335
 241.84895325 241.77293396 241.77293396 241.77293396 241.77293396
 241.77293396 241.77293396 241.77293396 241.77293396 241.77293396
 241.77293396 241.77293396 241.77293396 241.77293396 241.77293396]
k-means time: 1 s
Assign pseudo labels
Epoch: [33][0/8]	Time: 0.278 (0.278)	Loss: 3.3250 (3.3250)
silhouette_avg: 0.503
ch_score: 289.492

###### Epoch [33] ###### 
Time: 302.124 s
Clustering loss: 241.773 
ConvNet loss: 0.748

NMI against previous assignment: 1.000
####################### 

0 / 8	Time cost: 38.504 s
(1000, 2048)
k-means loss evolution: [742.82141113 353.1541748  258.56756592 244.15820312 242.18344116
 241.72781372 241.66867065 241.66867065 241.66867065 241.66867065
 241.66867065 241.66867065 241.66867065 241.66867065 241.66867065
 241.66867065 241.66867065 241.66867065 241.66867065 241.66867065]
k-means time: 1 s
Assign pseudo labels
Epoch: [34][0/8]	Time: 0.274 (0.274)	Loss: 3.1533 (3.1533)
silhouette_avg: 0.504
ch_score: 290.090

###### Epoch [34] ###### 
Time: 295.827 s
Clustering loss: 241.669 
ConvNet loss: 0.694

NMI against previous assignment: 1.000
####################### 

0 / 8	Time cost: 38.472 s
(1000, 2048)
k-means loss evolution: [742.64251709 352.4725647  258.4810791  244.0103302  242.04351807
 241.57395935 241.4979248  241.4979248  241.4979248  241.4979248
 241.4979248  241.4979248  241.4979248  241.4979248  241.4979248
 241.4979248  241.4979248  241.4979248  241.4979248  241.4979248 ]
k-means time: 1 s
Assign pseudo labels
Epoch: [35][0/8]	Time: 0.277 (0.277)	Loss: 2.9491 (2.9491)
silhouette_avg: 0.504
ch_score: 290.752

###### Epoch [35] ###### 
Time: 302.327 s
Clustering loss: 241.498 
ConvNet loss: 0.701

NMI against previous assignment: 1.000
####################### 

0 / 8	Time cost: 38.738 s
(1000, 2048)
k-means loss evolution: [742.56994629 352.76867676 258.36795044 243.9984436  241.96774292
 241.54046631 241.48135376 241.48135376 241.48135376 241.48135376
 241.48135376 241.48135376 241.48135376 241.48135376 241.48135376
 241.48135376 241.48135376 241.48135376 241.48135376 241.48135376]
k-means time: 1 s
Assign pseudo labels
Epoch: [36][0/8]	Time: 0.279 (0.279)	Loss: 2.7696 (2.7696)
silhouette_avg: 0.504
ch_score: 290.964

###### Epoch [36] ###### 
Time: 300.779 s
Clustering loss: 241.481 
ConvNet loss: 0.630

NMI against previous assignment: 1.000
####################### 

0 / 8	Time cost: 38.793 s
(1000, 2048)
k-means loss evolution: [742.44873047 352.29244995 258.37811279 244.05207825 242.0382843
 241.59843445 241.52272034 241.52272034 241.52272034 241.52272034
 241.52272034 241.52272034 241.52272034 241.52272034 241.52272034
 241.52272034 241.52272034 241.52272034 241.52272034 241.52272034]
k-means time: 1 s
Assign pseudo labels
Epoch: [37][0/8]	Time: 0.277 (0.277)	Loss: 3.1063 (3.1063)
silhouette_avg: 0.504
ch_score: 290.880

###### Epoch [37] ###### 
Time: 305.858 s
Clustering loss: 241.523 
ConvNet loss: 0.678

NMI against previous assignment: 1.000
####################### 

0 / 8	Time cost: 41.146 s
(1000, 2048)
k-means loss evolution: [742.1328125  353.94332886 258.24978638 243.75263977 241.77479553
 241.37249756 241.3134613  241.3134613  241.3134613  241.3134613
 241.3134613  241.3134613  241.3134613  241.3134613  241.3134613
 241.3134613  241.3134613  241.3134613  241.3134613  241.3134613 ]
k-means time: 1 s
Assign pseudo labels
Epoch: [38][0/8]	Time: 0.284 (0.284)	Loss: 3.2624 (3.2624)
silhouette_avg: 0.505
ch_score: 291.417

###### Epoch [38] ###### 
Time: 305.527 s
Clustering loss: 241.313 
ConvNet loss: 0.684

NMI against previous assignment: 1.000
####################### 

0 / 8	Time cost: 40.026 s
(1000, 2048)
k-means loss evolution: [741.87768555 353.84140015 258.14196777 243.63578796 241.65278625
 241.24993896 241.19087219 241.19087219 241.19087219 241.19087219
 241.19087219 241.19087219 241.19087219 241.19087219 241.19087219
 241.19087219 241.19087219 241.19087219 241.19087219 241.19087219]
k-means time: 1 s
Assign pseudo labels
Epoch: [39][0/8]	Time: 0.280 (0.280)	Loss: 2.8765 (2.8765)
silhouette_avg: 0.506
ch_score: 291.722

###### Epoch [39] ###### 
Time: 301.234 s
Clustering loss: 241.191 
ConvNet loss: 0.662

NMI against previous assignment: 1.000
####################### 

0 / 8	Time cost: 38.173 s
(1000, 2048)
k-means loss evolution: [741.76324463 355.96798706 258.18597412 243.79412842 241.80125427
 241.40367126 241.27030945 241.24659729 241.24659729 241.24659729
 241.24659729 241.24659729 241.24659729 241.24659729 241.24659729
 241.24659729 241.24659729 241.24659729 241.24659729 241.24659729]
k-means time: 1 s
Assign pseudo labels
Epoch: [40][0/8]	Time: 0.282 (0.282)	Loss: 3.3921 (3.3921)
silhouette_avg: 0.505
ch_score: 291.285

###### Epoch [40] ###### 
Time: 305.428 s
Clustering loss: 241.247 
ConvNet loss: 0.723

NMI against previous assignment: 1.000
####################### 

0 / 8	Time cost: 38.688 s
(1000, 2048)
k-means loss evolution: [741.46569824 360.96508789 258.4901123  243.44233704 241.46427917
 241.06103516 241.00196838 241.00196838 241.00196838 241.00196838
 241.00196838 241.00196838 241.00196838 241.00196838 241.00196838
 241.00196838 241.00196838 241.00196838 241.00196838 241.00196838]
k-means time: 1 s
Assign pseudo labels
Epoch: [41][0/8]	Time: 0.277 (0.277)	Loss: 2.7883 (2.7883)
silhouette_avg: 0.506
ch_score: 292.117

###### Epoch [41] ###### 
Time: 298.572 s
Clustering loss: 241.002 
ConvNet loss: 0.673

NMI against previous assignment: 1.000
####################### 

0 / 8	Time cost: 38.533 s
(1000, 2048)
k-means loss evolution: [741.5267334  361.91098022 258.61276245 243.66662598 241.68260193
 241.25009155 241.13450623 241.12747192 241.12747192 241.12747192
 241.12747192 241.12747192 241.12747192 241.12747192 241.12747192
 241.12747192 241.12747192 241.12747192 241.12747192 241.12747192]
k-means time: 1 s
Assign pseudo labels
Epoch: [42][0/8]	Time: 0.279 (0.279)	Loss: 3.4798 (3.4798)
silhouette_avg: 0.506
ch_score: 291.701

###### Epoch [42] ###### 
Time: 298.109 s
Clustering loss: 241.127 
ConvNet loss: 0.771

NMI against previous assignment: 1.000
####################### 

0 / 8	Time cost: 39.539 s
(1000, 2048)
k-means loss evolution: [741.44812012 361.8760376  258.53805542 243.61058044 241.62602234
 241.19494629 241.07907104 241.072052   241.072052   241.072052
 241.072052   241.072052   241.072052   241.072052   241.072052
 241.072052   241.072052   241.072052   241.072052   241.072052  ]
k-means time: 1 s
Assign pseudo labels
Epoch: [43][0/8]	Time: 0.287 (0.287)	Loss: 2.8812 (2.8812)
silhouette_avg: 0.506
ch_score: 291.715

###### Epoch [43] ###### 
Time: 299.607 s
Clustering loss: 241.072 
ConvNet loss: 0.607

NMI against previous assignment: 1.000
####################### 

0 / 8	Time cost: 40.683 s
(1000, 2048)
k-means loss evolution: [741.37854004 363.027771   258.50366211 243.57424927 241.59051514
 241.15901184 241.04240417 241.03536987 241.03536987 241.03536987
 241.03536987 241.03536987 241.03536987 241.03536987 241.03536987
 241.03536987 241.03536987 241.03536987 241.03536987 241.03536987]
k-means time: 1 s
Assign pseudo labels
Epoch: [44][0/8]	Time: 0.273 (0.273)	Loss: 3.1541 (3.1541)
silhouette_avg: 0.506
ch_score: 291.897

###### Epoch [44] ###### 
Time: 303.151 s
Clustering loss: 241.035 
ConvNet loss: 0.862

NMI against previous assignment: 1.000
####################### 

0 / 8	Time cost: 38.978 s
(1000, 2048)
k-means loss evolution: [741.40527344 362.96194458 258.46643066 243.61245728 241.62979126
 241.20259094 241.08616638 241.0791626  241.0791626  241.0791626
 241.0791626  241.0791626  241.0791626  241.0791626  241.0791626
 241.0791626  241.0791626  241.0791626  241.0791626  241.0791626 ]
k-means time: 1 s
Assign pseudo labels
Epoch: [45][0/8]	Time: 0.281 (0.281)	Loss: 3.2839 (3.2839)
silhouette_avg: 0.506
ch_score: 291.749

###### Epoch [45] ###### 
Time: 303.624 s
Clustering loss: 241.079 
ConvNet loss: 0.652

NMI against previous assignment: 1.000
####################### 

0 / 8	Time cost: 38.678 s
(1000, 2048)
k-means loss evolution: [741.31445312 362.59259033 258.39120483 243.47721863 241.48982239
 241.07502747 240.92085266 240.91374207 240.91374207 240.91374207
 240.91374207 240.91374207 240.91374207 240.91374207 240.91374207
 240.91374207 240.91374207 240.91374207 240.91374207 240.91374207]
k-means time: 1 s
Assign pseudo labels
Epoch: [46][0/8]	Time: 0.277 (0.277)	Loss: 3.2381 (3.2381)
silhouette_avg: 0.507
ch_score: 292.151

###### Epoch [46] ###### 
Time: 301.853 s
Clustering loss: 240.914 
ConvNet loss: 0.739

NMI against previous assignment: 1.000
####################### 

0 / 8	Time cost: 38.891 s
(1000, 2048)
k-means loss evolution: [741.30578613 362.60934448 258.39242554 243.46914673 241.47596741
 241.0796814  240.92565918 240.91848755 240.91848755 240.91848755
 240.91848755 240.91848755 240.91848755 240.91848755 240.91848755
 240.91848755 240.91848755 240.91848755 240.91848755 240.91848755]
k-means time: 1 s
Assign pseudo labels
Epoch: [47][0/8]	Time: 0.277 (0.277)	Loss: 3.1910 (3.1910)
silhouette_avg: 0.507
ch_score: 292.200

###### Epoch [47] ###### 
Time: 298.506 s
Clustering loss: 240.918 
ConvNet loss: 0.668

NMI against previous assignment: 1.000
####################### 

0 / 8	Time cost: 39.307 s
(1000, 2048)
k-means loss evolution: [741.34936523 362.9095459  258.39050293 243.54066467 241.55285645
 241.16104126 241.02655029 241.00108337 241.00108337 241.00108337
 241.00108337 241.00108337 241.00108337 241.00108337 241.00108337
 241.00108337 241.00108337 241.00108337 241.00108337 241.00108337]
k-means time: 1 s
Assign pseudo labels
Epoch: [48][0/8]	Time: 0.275 (0.275)	Loss: 3.3732 (3.3732)
silhouette_avg: 0.506
ch_score: 292.017

###### Epoch [48] ###### 
Time: 302.367 s
Clustering loss: 241.001 
ConvNet loss: 0.712

NMI against previous assignment: 1.000
####################### 

0 / 8	Time cost: 40.336 s
(1000, 2048)
k-means loss evolution: [741.33795166 362.90759277 258.37533569 243.5244751  241.53565979
 241.14431763 241.01045227 240.98493958 240.98493958 240.98493958
 240.98493958 240.98493958 240.98493958 240.98493958 240.98493958
 240.98493958 240.98493958 240.98493958 240.98493958 240.98493958]
k-means time: 1 s
Assign pseudo labels
Epoch: [49][0/8]	Time: 0.285 (0.285)	Loss: 3.1164 (3.1164)
silhouette_avg: 0.506
ch_score: 292.036

###### Epoch [49] ###### 
Time: 302.830 s
Clustering loss: 240.985 
ConvNet loss: 0.681

NMI against previous assignment: 1.000
####################### 

0 / 8	Time cost: 40.071 s
(1000, 2048)
k-means loss evolution: [741.28063965 362.62915039 258.37908936 243.45451355 241.46099854
 241.06622314 240.91291809 240.90586853 240.90586853 240.90586853
 240.90586853 240.90586853 240.90586853 240.90586853 240.90586853
 240.90586853 240.90586853 240.90586853 240.90586853 240.90586853]
k-means time: 1 s
Assign pseudo labels
Epoch: [50][0/8]	Time: 0.279 (0.279)	Loss: 2.6257 (2.6257)
silhouette_avg: 0.507
ch_score: 292.317

###### Epoch [50] ###### 
Time: 303.115 s
Clustering loss: 240.906 
ConvNet loss: 0.592

NMI against previous assignment: 1.000
####################### 

0 / 8	Time cost: 38.178 s
(1000, 2048)
k-means loss evolution: [741.23706055 362.56005859 258.33102417 243.41824341 241.43894958
 241.05473328 240.95957947 240.85801697 240.85090637 240.85090637
 240.85090637 240.85090637 240.85090637 240.85090637 240.85090637
 240.85090637 240.85090637 240.85090637 240.85090637 240.85090637]
k-means time: 1 s
Assign pseudo labels
Epoch: [51][0/8]	Time: 0.283 (0.283)	Loss: 3.0586 (3.0586)
silhouette_avg: 0.507
ch_score: 292.535

###### Epoch [51] ###### 
Time: 297.558 s
Clustering loss: 240.851 
ConvNet loss: 0.702

NMI against previous assignment: 1.000
####################### 

0 / 8	Time cost: 41.199 s
(1000, 2048)
k-means loss evolution: [741.19165039 360.88378906 258.24200439 243.36248779 241.36793518
 240.94880676 240.79478455 240.78765869 240.78765869 240.78765869
 240.78765869 240.78765869 240.78765869 240.78765869 240.78765869
 240.78765869 240.78765869 240.78765869 240.78765869 240.78765869]
k-means time: 1 s
Assign pseudo labels
Epoch: [52][0/8]	Time: 0.282 (0.282)	Loss: 3.1255 (3.1255)
silhouette_avg: 0.507
ch_score: 292.728

###### Epoch [52] ###### 
Time: 307.345 s
Clustering loss: 240.788 
ConvNet loss: 0.670

NMI against previous assignment: 1.000
####################### 

0 / 8	Time cost: 40.018 s
(1000, 2048)
k-means loss evolution: [741.22808838 361.00674438 258.31256104 243.43365479 241.45619202
 241.07292175 240.942276   240.87771606 240.87063599 240.87063599
 240.87063599 240.87063599 240.87063599 240.87063599 240.87063599
 240.87063599 240.87063599 240.87063599 240.87063599 240.87063599]
k-means time: 1 s
Assign pseudo labels
Epoch: [53][0/8]	Time: 0.280 (0.280)	Loss: 3.4388 (3.4388)
silhouette_avg: 0.507
ch_score: 292.413

###### Epoch [53] ###### 
Time: 297.461 s
Clustering loss: 240.871 
ConvNet loss: 0.706

NMI against previous assignment: 1.000
####################### 

0 / 8	Time cost: 42.362 s
(1000, 2048)
k-means loss evolution: [741.24682617 361.2272644  258.2671814  243.4490509  241.4552002
 241.02389526 240.90745544 240.90031433 240.90031433 240.90031433
 240.90031433 240.90031433 240.90031433 240.90031433 240.90031433
 240.90031433 240.90031433 240.90031433 240.90031433 240.90031433]
k-means time: 1 s
Assign pseudo labels
Epoch: [54][0/8]	Time: 0.285 (0.285)	Loss: 2.6220 (2.6220)
silhouette_avg: 0.507
ch_score: 292.359

###### Epoch [54] ###### 
Time: 302.049 s
Clustering loss: 240.900 
ConvNet loss: 0.601

NMI against previous assignment: 1.000
####################### 

0 / 8	Time cost: 40.431 s
(1000, 2048)
k-means loss evolution: [741.18463135 360.96731567 258.28274536 243.40527344 241.42576599
 241.04148865 240.90997314 240.84490967 240.83784485 240.83784485
 240.83784485 240.83784485 240.83784485 240.83784485 240.83784485
 240.83784485 240.83784485 240.83784485 240.83784485 240.83784485]
k-means time: 1 s
Assign pseudo labels
Epoch: [55][0/8]	Time: 0.280 (0.280)	Loss: 3.1738 (3.1738)
silhouette_avg: 0.507
ch_score: 292.610

###### Epoch [55] ###### 
Time: 310.064 s
Clustering loss: 240.838 
ConvNet loss: 0.661

NMI against previous assignment: 1.000
####################### 

0 / 8	Time cost: 38.825 s
(1000, 2048)
k-means loss evolution: [741.09747314 360.815979   258.18539429 243.30392456 241.31910706
 240.92935181 240.79573059 240.72981262 240.72259521 240.72259521
 240.72259521 240.72259521 240.72259521 240.72259521 240.72259521
 240.72259521 240.72259521 240.72259521 240.72259521 240.72259521]
k-means time: 1 s
Assign pseudo labels
Epoch: [56][0/8]	Time: 0.281 (0.281)	Loss: 3.3421 (3.3421)
silhouette_avg: 0.508
ch_score: 293.019

###### Epoch [56] ###### 
Time: 306.037 s
Clustering loss: 240.723 
ConvNet loss: 0.719

NMI against previous assignment: 1.000
####################### 

0 / 8	Time cost: 39.320 s
(1000, 2048)
k-means loss evolution: [741.00030518 363.50894165 258.59463501 243.08485413 241.07144165
 240.668396   240.60905457 240.60905457 240.60905457 240.60905457
 240.60905457 240.60905457 240.60905457 240.60905457 240.60905457
 240.60905457 240.60905457 240.60905457 240.60905457 240.60905457]
k-means time: 1 s
Assign pseudo labels
Epoch: [57][0/8]	Time: 0.280 (0.280)	Loss: 3.1559 (3.1559)
silhouette_avg: 0.508
ch_score: 293.416

###### Epoch [57] ###### 
Time: 302.149 s
Clustering loss: 240.609 
ConvNet loss: 0.638

NMI against previous assignment: 1.000
####################### 

0 / 8	Time cost: 38.869 s
(1000, 2048)
k-means loss evolution: [741.09979248 360.88418579 258.2326355  243.3482666  241.36437988
 240.97846985 240.84573364 240.78031921 240.77322388 240.77322388
 240.77322388 240.77322388 240.77322388 240.77322388 240.77322388
 240.77322388 240.77322388 240.77322388 240.77322388 240.77322388]
k-means time: 1 s
Assign pseudo labels
Epoch: [58][0/8]	Time: 0.281 (0.281)	Loss: 3.0103 (3.0103)
silhouette_avg: 0.507
ch_score: 292.935

###### Epoch [58] ###### 
Time: 306.591 s
Clustering loss: 240.773 
ConvNet loss: 0.602

NMI against previous assignment: 1.000
####################### 

0 / 8	Time cost: 41.280 s
(1000, 2048)
k-means loss evolution: [741.11566162 360.93988037 258.27026367 243.38604736 241.40438843
 241.02064514 240.88864136 240.82362366 240.81651306 240.81651306
 240.81651306 240.81651306 240.81651306 240.81651306 240.81651306
 240.81651306 240.81651306 240.81651306 240.81651306 240.81651306]
k-means time: 1 s
Assign pseudo labels
Epoch: [59][0/8]	Time: 0.279 (0.279)	Loss: 3.0937 (3.0937)
silhouette_avg: 0.507
ch_score: 292.826

###### Epoch [59] ###### 
Time: 313.599 s
Clustering loss: 240.817 
ConvNet loss: 0.589

NMI against previous assignment: 1.000
####################### 

0 / 8	Time cost: 42.475 s
(1000, 2048)
k-means loss evolution: [741.105896   360.92788696 258.26370239 243.37924194 241.39779663
 241.01417542 240.91882324 240.81736755 240.81019592 240.81019592
 240.81019592 240.81019592 240.81019592 240.81019592 240.81019592
 240.81019592 240.81019592 240.81019592 240.81019592 240.81019592]
k-means time: 1 s
Assign pseudo labels
Epoch: [60][0/8]	Time: 0.281 (0.281)	Loss: 3.1495 (3.1495)
silhouette_avg: 0.507
ch_score: 292.864

###### Epoch [60] ###### 
Time: 314.849 s
Clustering loss: 240.810 
ConvNet loss: 0.625

NMI against previous assignment: 1.000
####################### 

0 / 8	Time cost: 38.899 s
(1000, 2048)
k-means loss evolution: [741.17938232 362.90679932 258.33483887 243.46057129 241.46739197
 241.07418823 240.92140198 240.91435242 240.91435242 240.91435242
 240.91435242 240.91435242 240.91435242 240.91435242 240.91435242
 240.91435242 240.91435242 240.91435242 240.91435242 240.91435242]
k-means time: 1 s
Assign pseudo labels
Epoch: [61][0/8]	Time: 0.281 (0.281)	Loss: 2.8366 (2.8366)
silhouette_avg: 0.507
ch_score: 292.551

###### Epoch [61] ###### 
Time: 300.123 s
Clustering loss: 240.914 
ConvNet loss: 0.587

NMI against previous assignment: 1.000
####################### 

0 / 8	Time cost: 40.366 s
(1000, 2048)
k-means loss evolution: [741.14276123 360.98010254 258.29644775 243.41488647 241.43635559
 241.05427551 240.95947266 240.85826111 240.85116577 240.85116577
 240.85116577 240.85116577 240.85116577 240.85116577 240.85116577
 240.85116577 240.85116577 240.85116577 240.85116577 240.85116577]
k-means time: 1 s
Assign pseudo labels
Epoch: [62][0/8]	Time: 0.279 (0.279)	Loss: 2.9925 (2.9925)
silhouette_avg: 0.507
ch_score: 292.763

###### Epoch [62] ###### 
Time: 312.415 s
Clustering loss: 240.851 
ConvNet loss: 0.682

NMI against previous assignment: 1.000
####################### 

0 / 8	Time cost: 42.542 s
(1000, 2048)
k-means loss evolution: [741.15930176 361.19473267 258.2492981  243.42668152 241.43238831
 241.03790283 240.88504028 240.87794495 240.87794495 240.87794495
 240.87794495 240.87794495 240.87794495 240.87794495 240.87794495
 240.87794495 240.87794495 240.87794495 240.87794495 240.87794495]
k-means time: 1 s
Assign pseudo labels
Epoch: [63][0/8]	Time: 0.280 (0.280)	Loss: 3.4177 (3.4177)
silhouette_avg: 0.507
ch_score: 292.659

###### Epoch [63] ###### 
Time: 310.886 s
Clustering loss: 240.878 
ConvNet loss: 0.724

NMI against previous assignment: 1.000
####################### 

0 / 8	Time cost: 38.864 s
(1000, 2048)
k-means loss evolution: [741.19909668 362.93841553 258.34985352 243.49005127 241.52677917
 241.17602539 241.12394714 241.12394714 241.12394714 241.12394714
 241.12394714 241.12394714 241.12394714 241.12394714 241.12394714
 241.12394714 241.12394714 241.12394714 241.12394714 241.12394714]
k-means time: 1 s
Assign pseudo labels
Epoch: [64][0/8]	Time: 0.277 (0.277)	Loss: 3.2640 (3.2640)
silhouette_avg: 0.494
ch_score: 291.703

###### Epoch [64] ###### 
Time: 299.371 s
Clustering loss: 241.124 
ConvNet loss: 0.699

NMI against previous assignment: 0.992
####################### 

0 / 8	Time cost: 38.299 s
(1000, 2048)
k-means loss evolution: [741.26904297 362.84011841 258.4331665  243.57655334 241.61817932
 241.27073669 241.21879578 241.21879578 241.21879578 241.21879578
 241.21879578 241.21879578 241.21879578 241.21879578 241.21879578
 241.21879578 241.21879578 241.21879578 241.21879578 241.21879578]
k-means time: 1 s
Assign pseudo labels
Epoch: [65][0/8]	Time: 0.282 (0.282)	Loss: 3.5162 (3.5162)
silhouette_avg: 0.493
ch_score: 291.357

###### Epoch [65] ###### 
Time: 300.360 s
Clustering loss: 241.219 
ConvNet loss: 0.735

NMI against previous assignment: 1.000
####################### 

0 / 8	Time cost: 41.679 s
(1000, 2048)
k-means loss evolution: [741.16320801 361.20962524 258.25       243.42681885 241.43281555
 241.03930664 240.88650513 240.87939453 240.87939453 240.87939453
 240.87939453 240.87939453 240.87939453 240.87939453 240.87939453
 240.87939453 240.87939453 240.87939453 240.87939453 240.87939453]
k-means time: 1 s
Assign pseudo labels
Epoch: [66][0/8]	Time: 0.280 (0.280)	Loss: 3.3772 (3.3772)
silhouette_avg: 0.507
ch_score: 292.656

###### Epoch [66] ###### 
Time: 308.435 s
Clustering loss: 240.879 
ConvNet loss: 0.812

NMI against previous assignment: 0.992
####################### 

0 / 8	Time cost: 38.827 s
(1000, 2048)
k-means loss evolution: [741.17681885 361.28552246 258.25601196 243.43240356 241.43841553
 241.04528809 240.89259338 240.88551331 240.88551331 240.88551331
 240.88551331 240.88551331 240.88551331 240.88551331 240.88551331
 240.88551331 240.88551331 240.88551331 240.88551331 240.88551331]
k-means time: 1 s
Assign pseudo labels
Epoch: [67][0/8]	Time: 0.281 (0.281)	Loss: 3.2376 (3.2376)
silhouette_avg: 0.507
ch_score: 292.632

###### Epoch [67] ###### 
Time: 306.064 s
Clustering loss: 240.886 
ConvNet loss: 0.653

NMI against previous assignment: 1.000
####################### 

0 / 8	Time cost: 40.217 s
(1000, 2048)
k-means loss evolution: [741.10839844 360.88876343 258.22332764 243.33857727 241.35586548
 240.97120667 240.87590027 240.7742157  240.76695251 240.76695251
 240.76695251 240.76695251 240.76695251 240.76695251 240.76695251
 240.76695251 240.76695251 240.76695251 240.76695251 240.76695251]
k-means time: 1 s
Assign pseudo labels
Epoch: [68][0/8]	Time: 0.281 (0.281)	Loss: 3.2379 (3.2379)
silhouette_avg: 0.507
ch_score: 293.015

###### Epoch [68] ###### 
Time: 316.616 s
Clustering loss: 240.767 
ConvNet loss: 0.617

NMI against previous assignment: 1.000
####################### 

0 / 8	Time cost: 41.714 s
(1000, 2048)
k-means loss evolution: [741.06066895 360.79754639 258.1640625  243.27757263 241.2908783
 240.9037323  240.80740356 240.70515442 240.69799805 240.69799805
 240.69799805 240.69799805 240.69799805 240.69799805 240.69799805
 240.69799805 240.69799805 240.69799805 240.69799805 240.69799805]
k-means time: 1 s
Assign pseudo labels
Epoch: [69][0/8]	Time: 0.277 (0.277)	Loss: 3.3279 (3.3279)
silhouette_avg: 0.508
ch_score: 293.234

###### Epoch [69] ###### 
Time: 310.948 s
Clustering loss: 240.698 
ConvNet loss: 0.701

NMI against previous assignment: 1.000
####################### 

0 / 8	Time cost: 39.481 s
(1000, 2048)
k-means loss evolution: [741.16784668 361.19381714 258.2355957  243.4118042  241.41687012
 241.02336121 240.87049866 240.86335754 240.86335754 240.86335754
 240.86335754 240.86335754 240.86335754 240.86335754 240.86335754
 240.86335754 240.86335754 240.86335754 240.86335754 240.86335754]
k-means time: 1 s
Assign pseudo labels
Epoch: [70][0/8]	Time: 0.280 (0.280)	Loss: 3.2061 (3.2061)
silhouette_avg: 0.507
ch_score: 292.688

###### Epoch [70] ###### 
Time: 306.917 s
Clustering loss: 240.863 
ConvNet loss: 0.701

NMI against previous assignment: 1.000
####################### 

0 / 8	Time cost: 39.390 s
(1000, 2048)
k-means loss evolution: [741.10150146 360.89630127 258.22515869 243.34089661 241.35888672
 240.97483826 240.87973022 240.7782135  240.77105713 240.77105713
 240.77105713 240.77105713 240.77105713 240.77105713 240.77105713
 240.77105713 240.77105713 240.77105713 240.77105713 240.77105713]
k-means time: 1 s
Assign pseudo labels
Epoch: [71][0/8]	Time: 0.277 (0.277)	Loss: 3.1292 (3.1292)
silhouette_avg: 0.507
ch_score: 292.980

###### Epoch [71] ###### 
Time: 310.275 s
Clustering loss: 240.771 
ConvNet loss: 0.632

NMI against previous assignment: 1.000
####################### 

0 / 8	Time cost: 41.459 s
(1000, 2048)
k-means loss evolution: [741.07391357 360.84561157 258.19088745 243.30648804 241.32206726
 240.93675232 240.84101868 240.73924255 240.73204041 240.73204041
 240.73204041 240.73204041 240.73204041 240.73204041 240.73204041
 240.73204041 240.73204041 240.73204041 240.73204041 240.73204041]
k-means time: 1 s
Assign pseudo labels
Epoch: [72][0/8]	Time: 0.285 (0.285)	Loss: 3.4619 (3.4619)
silhouette_avg: 0.508
ch_score: 293.101

###### Epoch [72] ###### 
Time: 307.779 s
Clustering loss: 240.732 
ConvNet loss: 0.715

NMI against previous assignment: 1.000
####################### 

0 / 8	Time cost: 41.650 s
(1000, 2048)
k-means loss evolution: [741.15325928 360.98434448 258.2817688  243.3991394  241.41954041
 241.03778076 240.94366455 240.84255981 240.83543396 240.83543396
 240.83543396 240.83543396 240.83543396 240.83543396 240.83543396
 240.83543396 240.83543396 240.83543396 240.83543396 240.83543396]
k-means time: 1 s
Assign pseudo labels
Epoch: [73][0/8]	Time: 0.281 (0.281)	Loss: 3.1202 (3.1202)
silhouette_avg: 0.507
ch_score: 292.789

###### Epoch [73] ###### 
Time: 309.556 s
Clustering loss: 240.835 
ConvNet loss: 0.726

NMI against previous assignment: 1.000
####################### 

0 / 8	Time cost: 40.659 s
(1000, 2048)
k-means loss evolution: [741.04742432 360.76266479 258.13568115 243.25038147 241.27432251
 240.91641235 240.86448669 240.86448669 240.86448669 240.86448669
 240.86448669 240.86448669 240.86448669 240.86448669 240.86448669
 240.86448669 240.86448669 240.86448669 240.86448669 240.86448669]
k-means time: 1 s
Assign pseudo labels
Epoch: [74][0/8]	Time: 0.282 (0.282)	Loss: 3.0662 (3.0662)
silhouette_avg: 0.496
ch_score: 292.615

###### Epoch [74] ###### 
Time: 310.664 s
Clustering loss: 240.864 
ConvNet loss: 0.623

NMI against previous assignment: 0.993
####################### 

0 / 8	Time cost: 41.648 s
(1000, 2048)
k-means loss evolution: [741.16278076 361.19284058 258.23147583 243.40829468 241.41253662
 241.01869202 240.86575317 240.85858154 240.85858154 240.85858154
 240.85858154 240.85858154 240.85858154 240.85858154 240.85858154
 240.85858154 240.85858154 240.85858154 240.85858154 240.85858154]
k-means time: 1 s
Assign pseudo labels
Epoch: [75][0/8]	Time: 0.279 (0.279)	Loss: 2.9068 (2.9068)
silhouette_avg: 0.507
ch_score: 292.712

###### Epoch [75] ###### 
Time: 314.515 s
Clustering loss: 240.859 
ConvNet loss: 0.665

NMI against previous assignment: 0.993
####################### 

0 / 8	Time cost: 39.671 s
(1000, 2048)
k-means loss evolution: [741.13616943 360.97103882 258.27111816 243.38819885 241.40901184
 241.02735901 240.93302917 240.8319397  240.82476807 240.82476807
 240.82476807 240.82476807 240.82476807 240.82476807 240.82476807
 240.82476807 240.82476807 240.82476807 240.82476807 240.82476807]
k-means time: 1 s
Assign pseudo labels
Epoch: [76][0/8]	Time: 0.283 (0.283)	Loss: 2.8316 (2.8316)
silhouette_avg: 0.507
ch_score: 292.812

###### Epoch [76] ###### 
Time: 308.072 s
Clustering loss: 240.825 
ConvNet loss: 0.656

NMI against previous assignment: 1.000
####################### 

0 / 8	Time cost: 40.925 s
(1000, 2048)
k-means loss evolution: [741.10699463 360.91201782 258.23297119 243.34951782 241.36729431
 240.98373413 240.88856506 240.78715515 240.779953   240.779953
 240.779953   240.779953   240.779953   240.779953   240.779953
 240.779953   240.779953   240.779953   240.779953   240.779953  ]
k-means time: 1 s
Assign pseudo labels
Epoch: [77][0/8]	Time: 0.281 (0.281)	Loss: 2.8874 (2.8874)
silhouette_avg: 0.507
ch_score: 292.968

###### Epoch [77] ###### 
Time: 305.504 s
Clustering loss: 240.780 
ConvNet loss: 0.638

NMI against previous assignment: 1.000
####################### 

0 / 8	Time cost: 41.262 s
(1000, 2048)
k-means loss evolution: [741.09887695 360.90560913 258.2286377  243.34474182 241.36260986
 240.97898865 240.88374329 240.78240967 240.77522278 240.77522278
 240.77522278 240.77522278 240.77522278 240.77522278 240.77522278
 240.77522278 240.77522278 240.77522278 240.77522278 240.77522278]
k-means time: 1 s
Assign pseudo labels
Epoch: [78][0/8]	Time: 0.279 (0.279)	Loss: 3.2153 (3.2153)
silhouette_avg: 0.507
ch_score: 292.973

###### Epoch [78] ###### 
Time: 304.627 s
Clustering loss: 240.775 
ConvNet loss: 0.672

NMI against previous assignment: 1.000
####################### 

0 / 8	Time cost: 41.606 s
(1000, 2048)
k-means loss evolution: [741.05853271 360.81576538 258.16931152 243.28459167 241.29811096
 240.91160583 240.81533813 240.71321106 240.70605469 240.70605469
 240.70605469 240.70605469 240.70605469 240.70605469 240.70605469
 240.70605469 240.70605469 240.70605469 240.70605469 240.70605469]
k-means time: 1 s
Assign pseudo labels
Epoch: [79][0/8]	Time: 0.281 (0.281)	Loss: 3.0100 (3.0100)
silhouette_avg: 0.508
ch_score: 293.210

###### Epoch [79] ###### 
Time: 307.337 s
Clustering loss: 240.706 
ConvNet loss: 0.642

NMI against previous assignment: 1.000
####################### 

0 / 8	Time cost: 38.364 s
(1000, 2048)
k-means loss evolution: [741.09906006 360.89492798 258.2210083  243.33720398 241.35444641
 240.97045898 240.8752594  240.77372742 240.76655579 240.76655579
 240.76655579 240.76655579 240.76655579 240.76655579 240.76655579
 240.76655579 240.76655579 240.76655579 240.76655579 240.76655579]
k-means time: 1 s
Assign pseudo labels
Epoch: [80][0/8]	Time: 0.283 (0.283)	Loss: 3.0600 (3.0600)
silhouette_avg: 0.507
ch_score: 293.011

###### Epoch [80] ###### 
Time: 307.230 s
Clustering loss: 240.767 
ConvNet loss: 0.660

NMI against previous assignment: 1.000
####################### 

0 / 8	Time cost: 41.207 s
(1000, 2048)
k-means loss evolution: [741.14605713 360.99447632 258.28598022 243.39257812 241.39619446
 241.00183105 240.84884644 240.8416748  240.8416748  240.8416748
 240.8416748  240.8416748  240.8416748  240.8416748  240.8416748
 240.8416748  240.8416748  240.8416748  240.8416748  240.8416748 ]
k-means time: 1 s
Assign pseudo labels
Epoch: [81][0/8]	Time: 0.281 (0.281)	Loss: 3.6340 (3.6340)
silhouette_avg: 0.507
ch_score: 292.765

###### Epoch [81] ###### 
Time: 313.438 s
Clustering loss: 240.842 
ConvNet loss: 0.766

NMI against previous assignment: 1.000
####################### 

0 / 8	Time cost: 40.588 s
(1000, 2048)
k-means loss evolution: [741.07873535 360.85864258 258.19699097 243.31217957 241.32771301
 240.94221497 240.84649658 240.74459839 240.73745728 240.73745728
 240.73745728 240.73745728 240.73745728 240.73745728 240.73745728
 240.73745728 240.73745728 240.73745728 240.73745728 240.73745728]
k-means time: 1 s
Assign pseudo labels
Epoch: [82][0/8]	Time: 0.282 (0.282)	Loss: 3.1012 (3.1012)
silhouette_avg: 0.508
ch_score: 293.109

###### Epoch [82] ###### 
Time: 308.593 s
Clustering loss: 240.737 
ConvNet loss: 0.685

NMI against previous assignment: 1.000
####################### 

0 / 8	Time cost: 40.993 s
(1000, 2048)
k-means loss evolution: [741.14703369 361.17575073 258.21917725 243.39477539 241.39851379
 241.00411987 240.85112    240.84405518 240.84405518 240.84405518
 240.84405518 240.84405518 240.84405518 240.84405518 240.84405518
 240.84405518 240.84405518 240.84405518 240.84405518 240.84405518]
k-means time: 1 s
Assign pseudo labels
Epoch: [83][0/8]	Time: 0.277 (0.277)	Loss: 3.4706 (3.4706)
silhouette_avg: 0.507
ch_score: 292.759

###### Epoch [83] ###### 
Time: 305.916 s
Clustering loss: 240.844 
ConvNet loss: 0.682

NMI against previous assignment: 1.000
####################### 

0 / 8	Time cost: 41.603 s
(1000, 2048)
k-means loss evolution: [741.11181641 360.92996216 258.24273682 243.35894775 241.37808228
 240.99531555 240.90052795 240.79919434 240.79202271 240.79202271
 240.79202271 240.79202271 240.79202271 240.79202271 240.79202271
 240.79202271 240.79202271 240.79202271 240.79202271 240.79202271]
k-means time: 1 s
Assign pseudo labels
Epoch: [84][0/8]	Time: 0.279 (0.279)	Loss: 3.0655 (3.0655)
silhouette_avg: 0.507
ch_score: 292.916

###### Epoch [84] ###### 
Time: 304.588 s
Clustering loss: 240.792 
ConvNet loss: 0.711

NMI against previous assignment: 1.000
####################### 

0 / 8	Time cost: 39.122 s
(1000, 2048)
k-means loss evolution: [741.20733643 362.96496582 258.35162354 243.49145508 241.52854919
 241.17887878 241.12698364 241.12698364 241.12698364 241.12698364
 241.12698364 241.12698364 241.12698364 241.12698364 241.12698364
 241.12698364 241.12698364 241.12698364 241.12698364 241.12698364]
k-means time: 1 s
Assign pseudo labels
Epoch: [85][0/8]	Time: 0.276 (0.276)	Loss: 2.7925 (2.7925)
silhouette_avg: 0.494
ch_score: 291.649

###### Epoch [85] ###### 
Time: 302.013 s
Clustering loss: 241.127 
ConvNet loss: 0.696

NMI against previous assignment: 0.992
####################### 

0 / 8	Time cost: 40.460 s
(1000, 2048)
k-means loss evolution: [741.25708008 362.83496094 258.41622925 243.55848694 241.59919739
 241.2522583  241.20021057 241.20021057 241.20021057 241.20021057
 241.20021057 241.20021057 241.20021057 241.20021057 241.20021057
 241.20021057 241.20021057 241.20021057 241.20021057 241.20021057]
k-means time: 1 s
Assign pseudo labels
Epoch: [86][0/8]	Time: 0.281 (0.281)	Loss: 3.3759 (3.3759)
silhouette_avg: 0.493
ch_score: 291.383

###### Epoch [86] ###### 
Time: 307.073 s
Clustering loss: 241.200 
ConvNet loss: 0.695

NMI against previous assignment: 1.000
####################### 

0 / 8	Time cost: 39.535 s
(1000, 2048)
k-means loss evolution: [741.24609375 362.80361938 258.39651489 243.53805542 241.57730103
 241.22950745 241.17739868 241.17739868 241.17739868 241.17739868
 241.17739868 241.17739868 241.17739868 241.17739868 241.17739868
 241.17739868 241.17739868 241.17739868 241.17739868 241.17739868]
k-means time: 1 s
Assign pseudo labels
Epoch: [87][0/8]	Time: 0.280 (0.280)	Loss: 2.7948 (2.7948)
silhouette_avg: 0.493
ch_score: 291.471

###### Epoch [87] ###### 
Time: 307.563 s
Clustering loss: 241.177 
ConvNet loss: 0.607

NMI against previous assignment: 1.000
####################### 

0 / 8	Time cost: 39.941 s
(1000, 2048)
k-means loss evolution: [741.16864014 361.27871704 258.2414856  243.41899109 241.42414856
 241.03115845 240.87838745 240.87115479 240.87115479 240.87115479
 240.87115479 240.87115479 240.87115479 240.87115479 240.87115479
 240.87115479 240.87115479 240.87115479 240.87115479 240.87115479]
k-means time: 1 s
Assign pseudo labels
Epoch: [88][0/8]	Time: 0.281 (0.281)	Loss: 3.0441 (3.0441)
silhouette_avg: 0.507
ch_score: 292.669

###### Epoch [88] ###### 
Time: 305.832 s
Clustering loss: 240.871 
ConvNet loss: 0.674

NMI against previous assignment: 0.992
####################### 

0 / 8	Time cost: 39.516 s
(1000, 2048)
k-means loss evolution: [741.18695068 362.91665649 258.3182373  243.44418335 241.45036316
 241.05841064 240.9058075  240.89865112 240.89865112 240.89865112
 240.89865112 240.89865112 240.89865112 240.89865112 240.89865112
 240.89865112 240.89865112 240.89865112 240.89865112 240.89865112]
k-means time: 1 s
Assign pseudo labels
Epoch: [89][0/8]	Time: 0.285 (0.285)	Loss: 2.9167 (2.9167)
silhouette_avg: 0.507
ch_score: 292.586

###### Epoch [89] ###### 
Time: 304.396 s
Clustering loss: 240.899 
ConvNet loss: 0.646

NMI against previous assignment: 1.000
####################### 

0 / 8	Time cost: 41.210 s
(1000, 2048)
k-means loss evolution: [741.14257812 360.99337769 258.28216553 243.38903809 241.39212036
 240.99723816 240.84420776 240.83700562 240.83700562 240.83700562
 240.83700562 240.83700562 240.83700562 240.83700562 240.83700562
 240.83700562 240.83700562 240.83700562 240.83700562 240.83700562]
k-means time: 1 s
Assign pseudo labels
Epoch: [90][0/8]	Time: 0.282 (0.282)	Loss: 2.5574 (2.5574)
silhouette_avg: 0.507
ch_score: 292.791

###### Epoch [90] ###### 
Time: 307.186 s
Clustering loss: 240.837 
ConvNet loss: 0.551

NMI against previous assignment: 1.000
####################### 

0 / 8	Time cost: 39.129 s
(1000, 2048)
k-means loss evolution: [741.15472412 361.26171875 258.23059082 243.40693665 241.41139221
 241.01773071 240.86477661 240.8576355  240.8576355  240.8576355
 240.8576355  240.8576355  240.8576355  240.8576355  240.8576355
 240.8576355  240.8576355  240.8576355  240.8576355  240.8576355 ]
k-means time: 1 s
Assign pseudo labels
Epoch: [91][0/8]	Time: 0.283 (0.283)	Loss: 3.0718 (3.0718)
silhouette_avg: 0.507
ch_score: 292.714

###### Epoch [91] ###### 
Time: 303.048 s
Clustering loss: 240.858 
ConvNet loss: 0.711

NMI against previous assignment: 1.000
####################### 

0 / 8	Time cost: 39.745 s
(1000, 2048)
k-means loss evolution: [741.0838623  360.87722778 258.20666504 243.32208252 241.33790588
 240.95291138 240.85733032 240.75561523 240.74838257 240.74838257
 240.74838257 240.74838257 240.74838257 240.74838257 240.74838257
 240.74838257 240.74838257 240.74838257 240.74838257 240.74838257]
k-means time: 1 s
Assign pseudo labels
Epoch: [92][0/8]	Time: 0.281 (0.281)	Loss: 3.1745 (3.1745)
silhouette_avg: 0.507
ch_score: 293.077

###### Epoch [92] ###### 
Time: 305.251 s
Clustering loss: 240.748 
ConvNet loss: 0.720

NMI against previous assignment: 1.000
####################### 

0 / 8	Time cost: 39.255 s
(1000, 2048)
k-means loss evolution: [741.05566406 360.81994629 258.17007446 243.28416443 241.29736328
 240.91061401 240.81443787 240.71231079 240.70513916 240.70513916
 240.70513916 240.70513916 240.70513916 240.70513916 240.70513916
 240.70513916 240.70513916 240.70513916 240.70513916 240.70513916]
k-means time: 1 s
Assign pseudo labels
Epoch: [93][0/8]	Time: 0.278 (0.278)	Loss: 3.1609 (3.1609)
silhouette_avg: 0.508
ch_score: 293.221

###### Epoch [93] ###### 
Time: 306.018 s
Clustering loss: 240.705 
ConvNet loss: 0.615

NMI against previous assignment: 1.000
####################### 

0 / 8	Time cost: 39.007 s
(1000, 2048)
k-means loss evolution: [741.04705811 360.80444336 258.15942383 243.27380371 241.28666687
 240.89962769 240.80322266 240.70108032 240.69378662 240.69378662
 240.69378662 240.69378662 240.69378662 240.69378662 240.69378662
 240.69378662 240.69378662 240.69378662 240.69378662 240.69378662]
k-means time: 1 s
Assign pseudo labels
Epoch: [94][0/8]	Time: 0.280 (0.280)	Loss: 2.7654 (2.7654)
silhouette_avg: 0.508
ch_score: 293.251

###### Epoch [94] ###### 
Time: 301.762 s
Clustering loss: 240.694 
ConvNet loss: 0.616

NMI against previous assignment: 1.000
####################### 

0 / 8	Time cost: 41.232 s
(1000, 2048)
k-means loss evolution: [741.09204102 360.88912964 258.21472168 243.33021545 241.34657288
 240.96212769 240.86680603 240.76524353 240.75804138 240.75804138
 240.75804138 240.75804138 240.75804138 240.75804138 240.75804138
 240.75804138 240.75804138 240.75804138 240.75804138 240.75804138]
k-means time: 1 s
Assign pseudo labels
Epoch: [95][0/8]	Time: 0.279 (0.279)	Loss: 2.8871 (2.8871)
silhouette_avg: 0.507
ch_score: 293.044

###### Epoch [95] ###### 
Time: 308.731 s
Clustering loss: 240.758 
ConvNet loss: 0.619

NMI against previous assignment: 1.000
####################### 

0 / 8	Time cost: 38.589 s
(1000, 2048)
k-means loss evolution: [741.03424072 360.78204346 258.14440918 243.25831604 241.28347778
 240.92654419 240.87437439 240.87437439 240.87437439 240.87437439
 240.87437439 240.87437439 240.87437439 240.87437439 240.87437439
 240.87437439 240.87437439 240.87437439 240.87437439 240.87437439]
k-means time: 1 s
Assign pseudo labels
Epoch: [96][0/8]	Time: 0.279 (0.279)	Loss: 3.0148 (3.0148)
silhouette_avg: 0.496
ch_score: 292.565

###### Epoch [96] ###### 
Time: 306.367 s
Clustering loss: 240.874 
ConvNet loss: 0.703

NMI against previous assignment: 0.993
####################### 

0 / 8	Time cost: 39.214 s
(1000, 2048)
k-means loss evolution: [741.13653564 360.98413086 258.27593994 243.38223267 241.38505554
 240.99012756 240.83712769 240.82995605 240.82995605 240.82995605
 240.82995605 240.82995605 240.82995605 240.82995605 240.82995605
 240.82995605 240.82995605 240.82995605 240.82995605 240.82995605]
k-means time: 1 s
Assign pseudo labels
Epoch: [97][0/8]	Time: 0.280 (0.280)	Loss: 3.2666 (3.2666)
silhouette_avg: 0.507
ch_score: 292.806

###### Epoch [97] ###### 
Time: 304.669 s
Clustering loss: 240.830 
ConvNet loss: 0.742

NMI against previous assignment: 0.993
####################### 

0 / 8	Time cost: 40.841 s
(1000, 2048)
k-means loss evolution: [741.08197021 360.87780762 258.20635986 243.32192993 241.33802795
 240.95336914 240.85795593 240.7562561  240.74906921 240.74906921
 240.74906921 240.74906921 240.74906921 240.74906921 240.74906921
 240.74906921 240.74906921 240.74906921 240.74906921 240.74906921]
k-means time: 1 s
Assign pseudo labels
Epoch: [98][0/8]	Time: 0.281 (0.281)	Loss: 3.3320 (3.3320)
silhouette_avg: 0.507
ch_score: 293.067

###### Epoch [98] ###### 
Time: 307.426 s
Clustering loss: 240.749 
ConvNet loss: 0.682

NMI against previous assignment: 1.000
####################### 

0 / 8	Time cost: 40.361 s
(1000, 2048)
k-means loss evolution: [741.11706543 360.94787598 258.25222778 243.36837769 241.38795471
 241.00549316 240.91094971 240.8097229  240.80253601 240.80253601
 240.80253601 240.80253601 240.80253601 240.80253601 240.80253601
 240.80253601 240.80253601 240.80253601 240.80253601 240.80253601]
k-means time: 1 s
Assign pseudo labels
Epoch: [99][0/8]	Time: 0.283 (0.283)	Loss: 2.9561 (2.9561)
silhouette_avg: 0.507
ch_score: 292.888

###### Epoch [99] ###### 
Time: 304.032 s
Clustering loss: 240.803 
ConvNet loss: 0.673

NMI against previous assignment: 1.000
####################### 

0 / 8	Time cost: 38.718 s
(1000, 2048)
k-means loss evolution: [741.06872559 360.84738159 258.18701172 243.30192566 241.31663513
 240.93115234 240.83529663 240.73345947 240.72625732 240.72625732
 240.72625732 240.72625732 240.72625732 240.72625732 240.72625732
 240.72625732 240.72625732 240.72625732 240.72625732 240.72625732]
k-means time: 1 s
Assign pseudo labels
Epoch: [100][0/8]	Time: 0.284 (0.284)	Loss: 3.2143 (3.2143)
silhouette_avg: 0.508
ch_score: 293.145

###### Epoch [100] ###### 
Time: 306.123 s
Clustering loss: 240.726 
ConvNet loss: 0.673

NMI against previous assignment: 1.000
####################### 

0 / 8	Time cost: 39.382 s
(1000, 2048)
k-means loss evolution: [741.0960083  360.90887451 258.2270813  243.34228516 241.35983276
 240.97619629 240.88101196 240.77946472 240.77238464 240.77238464
 240.77238464 240.77238464 240.77238464 240.77238464 240.77238464
 240.77238464 240.77238464 240.77238464 240.77238464 240.77238464]
k-means time: 1 s
Assign pseudo labels
Epoch: [101][0/8]	Time: 0.281 (0.281)	Loss: 3.2857 (3.2857)
silhouette_avg: 0.507
ch_score: 292.995

###### Epoch [101] ###### 
Time: 305.591 s
Clustering loss: 240.772 
ConvNet loss: 0.675

NMI against previous assignment: 1.000
####################### 

0 / 8	Time cost: 39.107 s
(1000, 2048)
k-means loss evolution: [741.0723877  360.86465454 258.19863892 243.31280518 241.32832336
 240.94314575 240.84747314 240.74562073 240.73846436 240.73846436
 240.73846436 240.73846436 240.73846436 240.73846436 240.73846436
 240.73846436 240.73846436 240.73846436 240.73846436 240.73846436]
k-means time: 1 s
Assign pseudo labels
Epoch: [102][0/8]	Time: 0.278 (0.278)	Loss: 3.0588 (3.0588)
silhouette_avg: 0.508
ch_score: 293.109

###### Epoch [102] ###### 
Time: 302.288 s
Clustering loss: 240.738 
ConvNet loss: 0.696

NMI against previous assignment: 1.000
####################### 

0 / 8	Time cost: 39.193 s
(1000, 2048)
k-means loss evolution: [741.0512085  360.81335449 258.1647644  243.27929688 241.29225159
 240.9052124  240.80895996 240.70675659 240.6995697  240.6995697
 240.6995697  240.6995697  240.6995697  240.6995697  240.6995697
 240.6995697  240.6995697  240.6995697  240.6995697  240.6995697 ]
k-means time: 1 s
Assign pseudo labels
Epoch: [103][0/8]	Time: 0.283 (0.283)	Loss: 3.0762 (3.0762)
silhouette_avg: 0.508
ch_score: 293.241

###### Epoch [103] ###### 
Time: 308.274 s
Clustering loss: 240.700 
ConvNet loss: 0.635

NMI against previous assignment: 1.000
####################### 

0 / 8	Time cost: 40.626 s
(1000, 2048)
k-means loss evolution: [741.03308105 360.76651001 258.13476562 243.24830627 241.27230835
 240.91488647 240.86282349 240.86282349 240.86282349 240.86282349
 240.86282349 240.86282349 240.86282349 240.86282349 240.86282349
 240.86282349 240.86282349 240.86282349 240.86282349 240.86282349]
k-means time: 1 s
Assign pseudo labels
Epoch: [104][0/8]	Time: 0.280 (0.280)	Loss: 2.8159 (2.8159)
silhouette_avg: 0.496
ch_score: 292.613

###### Epoch [104] ###### 
Time: 309.374 s
Clustering loss: 240.863 
ConvNet loss: 0.619

NMI against previous assignment: 0.993
####################### 

0 / 8	Time cost: 39.140 s
(1000, 2048)
k-means loss evolution: [741.12799072 360.96694946 258.26531982 243.38166809 241.40159607
 241.0196228  240.92530823 240.82415771 240.81700134 240.81700134
 240.81700134 240.81700134 240.81700134 240.81700134 240.81700134
 240.81700134 240.81700134 240.81700134 240.81700134 240.81700134]
k-means time: 1 s
Assign pseudo labels
Epoch: [105][0/8]	Time: 0.283 (0.283)	Loss: 3.2281 (3.2281)
silhouette_avg: 0.507
ch_score: 292.849

###### Epoch [105] ###### 
Time: 306.416 s
Clustering loss: 240.817 
ConvNet loss: 0.809

NMI against previous assignment: 0.993
####################### 

0 / 8	Time cost: 42.035 s
(1000, 2048)
k-means loss evolution: [741.12878418 360.96072388 258.26174927 243.37799072 241.39718628
 241.01509094 240.92053223 240.81941223 240.81219482 240.81219482
 240.81219482 240.81219482 240.81219482 240.81219482 240.81219482
 240.81219482 240.81219482 240.81219482 240.81219482 240.81219482]
k-means time: 1 s
Assign pseudo labels
Epoch: [106][0/8]	Time: 0.279 (0.279)	Loss: 3.0482 (3.0482)
silhouette_avg: 0.507
ch_score: 292.876

###### Epoch [106] ###### 
Time: 311.747 s
Clustering loss: 240.812 
ConvNet loss: 0.641

NMI against previous assignment: 1.000
####################### 

0 / 8	Time cost: 38.976 s
(1000, 2048)
k-means loss evolution: [741.06591797 360.83615112 258.17984009 243.29473877 241.3086853
 240.92234802 240.8263855  240.7243042  240.7171936  240.7171936
 240.7171936  240.7171936  240.7171936  240.7171936  240.7171936
 240.7171936  240.7171936  240.7171936  240.7171936  240.7171936 ]
k-means time: 1 s
Assign pseudo labels
Epoch: [107][0/8]	Time: 0.283 (0.283)	Loss: 3.1390 (3.1390)
silhouette_avg: 0.508
ch_score: 293.187

###### Epoch [107] ###### 
Time: 312.235 s
Clustering loss: 240.717 
ConvNet loss: 0.643

NMI against previous assignment: 1.000
####################### 

0 / 8	Time cost: 38.660 s
(1000, 2048)
k-means loss evolution: [741.06634521 360.828125   258.17453003 243.28970337 241.3031311
 240.91665649 240.82054138 240.71842957 240.71122742 240.71122742
 240.71122742 240.71122742 240.71122742 240.71122742 240.71122742
 240.71122742 240.71122742 240.71122742 240.71122742 240.71122742]
k-means time: 1 s
Assign pseudo labels
Epoch: [108][0/8]	Time: 0.281 (0.281)	Loss: 3.0413 (3.0413)
silhouette_avg: 0.508
ch_score: 293.211

###### Epoch [108] ###### 
Time: 301.189 s
Clustering loss: 240.711 
ConvNet loss: 0.603

NMI against previous assignment: 1.000
####################### 

0 / 8	Time cost: 39.052 s
(1000, 2048)
k-means loss evolution: [741.07098389 360.85269165 258.19055176 243.30545044 241.32078552
 240.93544006 240.8397522  240.73791504 240.73075867 240.73075867
 240.73075867 240.73075867 240.73075867 240.73075867 240.73075867
 240.73075867 240.73075867 240.73075867 240.73075867 240.73075867]
k-means time: 1 s
Assign pseudo labels
Epoch: [109][0/8]	Time: 0.278 (0.278)	Loss: 2.8758 (2.8758)
silhouette_avg: 0.508
ch_score: 293.126

###### Epoch [109] ###### 
Time: 300.284 s
Clustering loss: 240.731 
ConvNet loss: 0.628

NMI against previous assignment: 1.000
####################### 

0 / 8	Time cost: 41.117 s
(1000, 2048)
k-means loss evolution: [741.10614014 360.93139648 258.24221802 243.35787964 241.37677002
 240.99424744 240.89944458 240.79821777 240.79104614 240.79104614
 240.79104614 240.79104614 240.79104614 240.79104614 240.79104614
 240.79104614 240.79104614 240.79104614 240.79104614 240.79104614]
k-means time: 1 s
Assign pseudo labels
Epoch: [110][0/8]	Time: 0.282 (0.282)	Loss: 2.9734 (2.9734)
silhouette_avg: 0.507
ch_score: 292.920

###### Epoch [110] ###### 
Time: 311.665 s
Clustering loss: 240.791 
ConvNet loss: 0.650

NMI against previous assignment: 1.000
####################### 

0 / 8	Time cost: 39.608 s
(1000, 2048)
k-means loss evolution: [741.05950928 360.8394165  258.18249512 243.29692078 241.31169128
 240.92590332 240.83004761 240.72819519 240.72103882 240.72103882
 240.72103882 240.72103882 240.72103882 240.72103882 240.72103882
 240.72103882 240.72103882 240.72103882 240.72103882 240.72103882]
k-means time: 1 s
Assign pseudo labels
Epoch: [111][0/8]	Time: 0.279 (0.279)	Loss: 3.2321 (3.2321)
silhouette_avg: 0.508
ch_score: 293.152

###### Epoch [111] ###### 
Time: 301.559 s
Clustering loss: 240.721 
ConvNet loss: 0.651

NMI against previous assignment: 1.000
####################### 

0 / 8	Time cost: 39.225 s
(1000, 2048)
k-means loss evolution: [741.19586182 362.95126343 258.34100342 243.48013306 241.51615906
 241.16664124 241.11450195 241.11450195 241.11450195 241.11450195
 241.11450195 241.11450195 241.11450195 241.11450195 241.11450195
 241.11450195 241.11450195 241.11450195 241.11450195 241.11450195]
k-means time: 1 s
Assign pseudo labels
Epoch: [112][0/8]	Time: 0.279 (0.279)	Loss: 2.9196 (2.9196)
silhouette_avg: 0.494
ch_score: 291.696

###### Epoch [112] ###### 
Time: 302.796 s
Clustering loss: 241.115 
ConvNet loss: 0.682

NMI against previous assignment: 0.992
####################### 

0 / 8	Time cost: 39.057 s
(1000, 2048)
k-means loss evolution: [741.19708252 362.95211792 258.34210205 243.48139954 241.51773071
 241.16821289 241.11613464 241.11613464 241.11613464 241.11613464
 241.11613464 241.11613464 241.11613464 241.11613464 241.11613464
 241.11613464 241.11613464 241.11613464 241.11613464 241.11613464]
k-means time: 1 s
Assign pseudo labels
Epoch: [113][0/8]	Time: 0.281 (0.281)	Loss: 2.8826 (2.8826)
silhouette_avg: 0.494
ch_score: 291.683

###### Epoch [113] ###### 
Time: 300.975 s
Clustering loss: 241.116 
ConvNet loss: 0.672

NMI against previous assignment: 1.000
####################### 

0 / 8	Time cost: 40.089 s
(1000, 2048)
k-means loss evolution: [741.17974854 362.91848755 258.32006836 243.45846558 241.49349976
 241.14308167 241.09117126 241.09117126 241.09117126 241.09117126
 241.09117126 241.09117126 241.09117126 241.09117126 241.09117126
 241.09117126 241.09117126 241.09117126 241.09117126 241.09117126]
k-means time: 1 s
Assign pseudo labels
Epoch: [114][0/8]	Time: 0.280 (0.280)	Loss: 3.1003 (3.1003)
silhouette_avg: 0.494
ch_score: 291.777

###### Epoch [114] ###### 
Time: 305.257 s
Clustering loss: 241.091 
ConvNet loss: 0.779

NMI against previous assignment: 1.000
####################### 

0 / 8	Time cost: 40.364 s
(1000, 2048)
k-means loss evolution: [741.12225342 360.96310425 258.26174927 243.37866211 241.39900208
 241.01715088 240.92276001 240.82167053 240.81455994 240.81455994
 240.81455994 240.81455994 240.81455994 240.81455994 240.81455994
 240.81455994 240.81455994 240.81455994 240.81455994 240.81455994]
k-means time: 1 s
Assign pseudo labels
Epoch: [115][0/8]	Time: 0.277 (0.277)	Loss: 3.2261 (3.2261)
silhouette_avg: 0.507
ch_score: 292.850

###### Epoch [115] ###### 
Time: 305.112 s
Clustering loss: 240.815 
ConvNet loss: 0.673

NMI against previous assignment: 0.992
####################### 

0 / 8	Time cost: 38.676 s
(1000, 2048)
k-means loss evolution: [741.14910889 361.19137573 258.22561646 243.40180969 241.40596008
 241.01223755 240.85939026 240.85223389 240.85223389 240.85223389
 240.85223389 240.85223389 240.85223389 240.85223389 240.85223389
 240.85223389 240.85223389 240.85223389 240.85223389 240.85223389]
k-means time: 1 s
Assign pseudo labels
Epoch: [116][0/8]	Time: 0.279 (0.279)	Loss: 3.1934 (3.1934)
silhouette_avg: 0.507
ch_score: 292.728

###### Epoch [116] ###### 
Time: 303.255 s
Clustering loss: 240.852 
ConvNet loss: 0.640

NMI against previous assignment: 1.000
####################### 

0 / 8	Time cost: 39.227 s
(1000, 2048)
k-means loss evolution: [741.10003662 360.90161133 258.22232056 243.33822632 241.35501099
 240.97090149 240.87576294 240.77420044 240.76699829 240.76699829
 240.76699829 240.76699829 240.76699829 240.76699829 240.76699829
 240.76699829 240.76699829 240.76699829 240.76699829 240.76699829]
k-means time: 1 s
Assign pseudo labels
Epoch: [117][0/8]	Time: 0.281 (0.281)	Loss: 2.7771 (2.7771)
silhouette_avg: 0.507
ch_score: 293.020

###### Epoch [117] ###### 
Time: 304.224 s
Clustering loss: 240.767 
ConvNet loss: 0.711

NMI against previous assignment: 1.000
####################### 

0 / 8	Time cost: 38.146 s
(1000, 2048)
k-means loss evolution: [741.10565186 360.9180603  258.23358154 243.34919739 241.36708069
 240.98371887 240.88871765 240.78726196 240.78010559 240.78010559
 240.78010559 240.78010559 240.78010559 240.78010559 240.78010559
 240.78010559 240.78010559 240.78010559 240.78010559 240.78010559]
k-means time: 1 s
Assign pseudo labels
Epoch: [118][0/8]	Time: 0.285 (0.285)	Loss: 3.4211 (3.4211)
silhouette_avg: 0.507
ch_score: 292.970

###### Epoch [118] ###### 
Time: 298.551 s
Clustering loss: 240.780 
ConvNet loss: 0.762

NMI against previous assignment: 1.000
####################### 

0 / 8	Time cost: 40.715 s
(1000, 2048)
k-means loss evolution: [741.07037354 360.84051514 258.18188477 243.29766846 241.31155396
 240.92518616 240.82925415 240.72720337 240.72000122 240.72000122
 240.72000122 240.72000122 240.72000122 240.72000122 240.72000122
 240.72000122 240.72000122 240.72000122 240.72000122 240.72000122]
k-means time: 1 s
Assign pseudo labels
Epoch: [119][0/8]	Time: 0.278 (0.278)	Loss: 3.0782 (3.0782)
silhouette_avg: 0.508
ch_score: 293.186

###### Epoch [119] ###### 
Time: 301.811 s
Clustering loss: 240.720 
ConvNet loss: 0.726

NMI against previous assignment: 1.000
####################### 

0 / 8	Time cost: 38.239 s
(1000, 2048)
k-means loss evolution: [741.17260742 361.28652954 258.24581909 243.4233551  241.42897034
 241.03620911 240.88346863 240.87631226 240.87631226 240.87631226
 240.87631226 240.87631226 240.87631226 240.87631226 240.87631226
 240.87631226 240.87631226 240.87631226 240.87631226 240.87631226]
k-means time: 1 s
Assign pseudo labels
Epoch: [120][0/8]	Time: 0.281 (0.281)	Loss: 3.4493 (3.4493)
silhouette_avg: 0.507
ch_score: 292.654

###### Epoch [120] ###### 
Time: 301.689 s
Clustering loss: 240.876 
ConvNet loss: 0.744

NMI against previous assignment: 1.000
####################### 

0 / 8	Time cost: 38.278 s
(1000, 2048)
k-means loss evolution: [741.10980225 360.9190979  258.23410034 243.34991455 241.36776733
 240.98429871 240.88922119 240.78785706 240.78065491 240.78065491
 240.78065491 240.78065491 240.78065491 240.78065491 240.78065491
 240.78065491 240.78065491 240.78065491 240.78065491 240.78065491]
k-means time: 1 s
Assign pseudo labels
Epoch: [121][0/8]	Time: 0.278 (0.278)	Loss: 3.1868 (3.1868)
silhouette_avg: 0.507
ch_score: 292.976

###### Epoch [121] ###### 
Time: 302.708 s
Clustering loss: 240.781 
ConvNet loss: 0.703

NMI against previous assignment: 1.000
####################### 

==============Early stopping!==============
model_all_run_time:623.123045039177min
